<?xml version="1.0" encoding="UTF-8"?>
<!-- Generated by org.testng.reporters.JUnitReportReporter -->
<testsuite hostname="SeenaReddy" failures="0" tests="1" name="com.testscenarios.FBlogin" time="1.859" errors="0" timestamp="2023-02-13T18:44:25 CST" skipped="0">
  <testcase classname="com.testscenarios.FBlogin" name="f" time="1.859"/>
  <system-out/>
</testsuite> <!-- com.testscenarios.FBlogin -->
