<?xml version="1.0" encoding="UTF-8"?>
<!-- Generated by org.testng.reporters.JUnitReportReporter -->
<testsuite hostname="SeenaReddy" failures="0" tests="1" name="com.testscenarios.Sreenivas_Assignment" time="0.004" errors="0" timestamp="2023-02-13T18:49:30 CST" skipped="0">
  <testcase classname="com.testscenarios.Sreenivas_Assignment" name="f" time="0.004"/>
  <system-out/>
</testsuite> <!-- com.testscenarios.Sreenivas_Assignment -->
