<?xml version="1.0" encoding="UTF-8"?>
<!-- Generated by org.testng.reporters.JUnitReportReporter -->
<testsuite hostname="SeenaReddy" failures="0" tests="1" name="com.testscenarios.SwitchingNewTab" time="11.821" errors="0" timestamp="2023-02-15T18:33:54 CST" skipped="0">
  <testcase classname="com.testscenarios.SwitchingNewTab" name="popup" time="11.821"/>
  <system-out/>
</testsuite> <!-- com.testscenarios.SwitchingNewTab -->
