<?xml version="1.0" encoding="UTF-8"?>
<!-- Generated by org.testng.reporters.JUnitReportReporter -->
<testsuite hostname="SeenaReddy" failures="0" tests="1" name="com.testscenarios.WaitsInSelenium" time="3.972" errors="0" timestamp="2023-02-14T19:18:31 CST" skipped="0">
  <testcase classname="com.testscenarios.WaitsInSelenium" name="f" time="3.972"/>
  <system-out/>
</testsuite> <!-- com.testscenarios.WaitsInSelenium -->
