<?xml version="1.0" encoding="UTF-8"?>
<!-- Generated by org.testng.reporters.JUnitReportReporter -->
<testsuite hostname="SeenaReddy" failures="0" tests="2" name="com.testscenarios.ActionsSample" time="1.893" errors="0" timestamp="2023-02-15T19:24:14 CST" skipped="0">
  <testcase classname="com.testscenarios.ActionsSample" name="doubleClickTest" time="1.131"/>
  <system-out/>
  <testcase classname="com.testscenarios.ActionsSample" name="rightClickTest" time="0.762"/>
  <system-out/>
</testsuite> <!-- com.testscenarios.ActionsSample -->
