<?xml version="1.0" encoding="UTF-8"?>
<!-- Generated by org.testng.reporters.JUnitReportReporter -->
<testsuite hostname="SeenaReddy" failures="0" tests="1" name="com.testscenarios.FBloginExcel" time="19.024" errors="0" timestamp="2023-02-16T18:53:21 CST" skipped="0">
  <testcase classname="com.testscenarios.FBloginExcel" name="f" time="19.024"/>
  <system-out/>
</testsuite> <!-- com.testscenarios.FBloginExcel -->
