<?xml version="1.0" encoding="UTF-8"?>
<!-- Generated by org.testng.reporters.JUnitReportReporter -->
<testsuite hostname="SeenaReddy" failures="0" tests="1" name="com.testscenarios.AmazonTest" time="28.035" errors="0" timestamp="2023-02-11T18:45:18 CST" skipped="0">
  <testcase classname="com.testscenarios.AmazonTest" name="f" time="28.035"/>
  <system-out/>
</testsuite> <!-- com.testscenarios.AmazonTest -->
