<?xml version="1.0" encoding="UTF-8"?>
<!-- Generated by org.testng.reporters.JUnitReportReporter -->
<testsuite hostname="SeenaReddy" failures="0" tests="3" name="com.testscenarios.FBlogin" time="3.455" errors="0" timestamp="2023-02-11T18:59:24 CST" skipped="0">
  <testcase classname="com.testscenarios.FBlogin" name="f" time="0.895"/>
  <system-out/>
  <testcase classname="com.testscenarios.FBlogin" name="f" time="1.777"/>
  <system-out/>
  <testcase classname="com.testscenarios.FBlogin" name="f" time="0.783"/>
  <system-out/>
</testsuite> <!-- com.testscenarios.FBlogin -->
