<?xml version="1.0" encoding="UTF-8"?>
<!-- Generated by org.testng.reporters.JUnitReportReporter -->
<testsuite hostname="SeenaReddy" failures="0" tests="1" name="com.testscenarios.TTD_PrintAllDropdownValues" time="12.984" errors="0" timestamp="2023-02-13T19:20:50 CST" skipped="0">
  <testcase classname="com.testscenarios.TTD_PrintAllDropdownValues" name="f" time="12.984"/>
  <system-out/>
</testsuite> <!-- com.testscenarios.TTD_PrintAllDropdownValues -->
